[ 2026-03-05 18:23:16,848 ] 40 root - INFO -Raw Data Imported
[ 2026-03-05 18:23:16,848 ] 47 root - INFO -Train Test Split Initiated
[ 2026-03-05 18:23:16,848 ] 51 root - INFO -Importing Training and testing data
[ 2026-03-05 18:23:16,895 ] 56 root - INFO -Import Successful
[ 2026-03-05 18:23:16,895 ] 26 root - INFO -Data Ingestion Component Successfull
[ 2026-03-05 18:23:16,982 ] 84 root - INFO -Beginning Data Validation: Number_of_columns
[ 2026-03-05 18:23:16,982 ] 92 root - INFO -No. of Columns Validation successful on both train and test
[ 2026-03-05 18:23:16,982 ] 94 root - INFO -Numeric Columns exist Validation begin
[ 2026-03-05 18:23:16,991 ] 101 root - INFO -Numeric Column Validation ends
[ 2026-03-05 18:23:16,991 ] 103 root - INFO -Data Drift Validation begins
[ 2026-03-05 18:23:17,105 ] 34 root - INFO -Data Validation Component Successful
[ 2026-03-05 18:23:17,105 ] 36 root - INFO -Data Transformation Initiated
[ 2026-03-05 18:23:17,186 ] 40 root - INFO -Segregating Data into Input and target
[ 2026-03-05 18:23:17,186 ] 51 root - INFO -Performing KNN Imputation as a Pipeline
[ 2026-03-05 18:23:17,194 ] 55 root - INFO -Preprocessing Imputation Completed
[ 2026-03-05 18:23:17,194 ] 57 root - INFO -Creating and saving numpy arrays and preprocessor files
[ 2026-03-05 18:23:17,201 ] 65 root - INFO -Returning artifacts
[ 2026-03-05 18:23:17,203 ] 41 root - INFO -Data Transformation Complete
[ 2026-03-05 18:23:17,240 ] 37 root - INFO -Model Training And Evaluation Simultaneous
[ 2026-03-05 18:23:28,014 ] 40 root - INFO -Obtaining Best Model and best accuracy.
[ 2026-03-05 18:23:28,382 ] 50 root - INFO -Obtaining ClassificationMetric Artifacts/Reports
[ 2026-03-05 18:23:28,489 ] 57 root - INFO -Saving Best Model as Pickle File.
[ 2026-03-05 18:23:28,513 ] 48 root - INFO -Model Training Complete
