[ 2026-03-11 19:51:28,722 ] 1025 httpx - INFO -HTTP Request: GET https://dagshub.com/api/v1/user "HTTP/1.1 200 OK"
[ 2026-03-11 19:51:28,728 ] 107 dagshub - INFO -Accessing as DDTcodes17
[ 2026-03-11 19:51:29,836 ] 1025 httpx - INFO -HTTP Request: GET https://dagshub.com/api/v1/repos/DDTcodes17/NetworkSecuritySystem "HTTP/1.1 200 OK"
[ 2026-03-11 19:51:30,962 ] 1025 httpx - INFO -HTTP Request: GET https://dagshub.com/api/v1/user "HTTP/1.1 200 OK"
[ 2026-03-11 19:51:30,977 ] 107 dagshub - INFO -Initialized MLflow to track repo "DDTcodes17/NetworkSecuritySystem"
[ 2026-03-11 19:51:30,977 ] 107 dagshub - INFO -Repository DDTcodes17/NetworkSecuritySystem initialized!
[ 2026-03-11 19:51:31,552 ] 117 fastapi - ERROR -Form data requires "python-multipart" to be installed. 
You can install "python-multipart" with: 

pip install python-multipart

[ 2026-03-11 20:04:17,597 ] 1025 httpx - INFO -HTTP Request: GET https://dagshub.com/api/v1/user "HTTP/1.1 200 OK"
[ 2026-03-11 20:04:17,606 ] 107 dagshub - INFO -Accessing as DDTcodes17
[ 2026-03-11 20:04:18,746 ] 1025 httpx - INFO -HTTP Request: GET https://dagshub.com/api/v1/repos/DDTcodes17/NetworkSecuritySystem "HTTP/1.1 200 OK"
[ 2026-03-11 20:04:19,868 ] 1025 httpx - INFO -HTTP Request: GET https://dagshub.com/api/v1/user "HTTP/1.1 200 OK"
[ 2026-03-11 20:04:19,870 ] 107 dagshub - INFO -Initialized MLflow to track repo "DDTcodes17/NetworkSecuritySystem"
[ 2026-03-11 20:04:19,870 ] 107 dagshub - INFO -Repository DDTcodes17/NetworkSecuritySystem initialized!
[ 2026-03-11 20:04:20,285 ] 117 fastapi - ERROR -Form data requires "python-multipart" to be installed. 
You can install "python-multipart" with: 

pip install python-multipart

[ 2026-03-11 20:06:04,752 ] 1025 httpx - INFO -HTTP Request: GET https://dagshub.com/api/v1/user "HTTP/1.1 200 OK"
[ 2026-03-11 20:06:04,752 ] 107 dagshub - INFO -Accessing as DDTcodes17
[ 2026-03-11 20:06:05,838 ] 1025 httpx - INFO -HTTP Request: GET https://dagshub.com/api/v1/repos/DDTcodes17/NetworkSecuritySystem "HTTP/1.1 200 OK"
[ 2026-03-11 20:06:07,012 ] 1025 httpx - INFO -HTTP Request: GET https://dagshub.com/api/v1/user "HTTP/1.1 200 OK"
[ 2026-03-11 20:06:07,014 ] 107 dagshub - INFO -Initialized MLflow to track repo "DDTcodes17/NetworkSecuritySystem"
[ 2026-03-11 20:06:07,014 ] 107 dagshub - INFO -Repository DDTcodes17/NetworkSecuritySystem initialized!
[ 2026-03-11 20:08:01,093 ] 1025 httpx - INFO -HTTP Request: GET https://dagshub.com/api/v1/user "HTTP/1.1 200 OK"
[ 2026-03-11 20:08:01,106 ] 107 dagshub - INFO -Accessing as DDTcodes17
[ 2026-03-11 20:08:02,268 ] 1025 httpx - INFO -HTTP Request: GET https://dagshub.com/api/v1/repos/DDTcodes17/NetworkSecuritySystem "HTTP/1.1 200 OK"
[ 2026-03-11 20:08:02,922 ] 1025 httpx - INFO -HTTP Request: GET https://dagshub.com/api/v1/user "HTTP/1.1 200 OK"
[ 2026-03-11 20:08:02,922 ] 107 dagshub - INFO -Initialized MLflow to track repo "DDTcodes17/NetworkSecuritySystem"
[ 2026-03-11 20:08:02,922 ] 107 dagshub - INFO -Repository DDTcodes17/NetworkSecuritySystem initialized!
[ 2026-03-11 20:11:10,626 ] 1025 httpx - INFO -HTTP Request: GET https://dagshub.com/api/v1/user "HTTP/1.1 200 OK"
[ 2026-03-11 20:11:10,626 ] 107 dagshub - INFO -Accessing as DDTcodes17
[ 2026-03-11 20:11:11,748 ] 1025 httpx - INFO -HTTP Request: GET https://dagshub.com/api/v1/repos/DDTcodes17/NetworkSecuritySystem "HTTP/1.1 200 OK"
[ 2026-03-11 20:11:12,467 ] 1025 httpx - INFO -HTTP Request: GET https://dagshub.com/api/v1/user "HTTP/1.1 200 OK"
[ 2026-03-11 20:11:12,469 ] 107 dagshub - INFO -Initialized MLflow to track repo "DDTcodes17/NetworkSecuritySystem"
[ 2026-03-11 20:11:12,469 ] 107 dagshub - INFO -Repository DDTcodes17/NetworkSecuritySystem initialized!
[ 2026-03-11 20:20:50,626 ] 1025 httpx - INFO -HTTP Request: GET https://dagshub.com/api/v1/user "HTTP/1.1 200 OK"
[ 2026-03-11 20:20:50,626 ] 107 dagshub - INFO -Accessing as DDTcodes17
[ 2026-03-11 20:20:51,752 ] 1025 httpx - INFO -HTTP Request: GET https://dagshub.com/api/v1/repos/DDTcodes17/NetworkSecuritySystem "HTTP/1.1 200 OK"
[ 2026-03-11 20:20:52,398 ] 1025 httpx - INFO -HTTP Request: GET https://dagshub.com/api/v1/user "HTTP/1.1 200 OK"
[ 2026-03-11 20:20:52,401 ] 107 dagshub - INFO -Initialized MLflow to track repo "DDTcodes17/NetworkSecuritySystem"
[ 2026-03-11 20:20:52,401 ] 107 dagshub - INFO -Repository DDTcodes17/NetworkSecuritySystem initialized!
[ 2026-03-11 20:24:00,235 ] 1025 httpx - INFO -HTTP Request: GET https://dagshub.com/api/v1/user "HTTP/1.1 200 OK"
[ 2026-03-11 20:24:00,240 ] 107 dagshub - INFO -Accessing as DDTcodes17
[ 2026-03-11 20:24:01,493 ] 1025 httpx - INFO -HTTP Request: GET https://dagshub.com/api/v1/repos/DDTcodes17/NetworkSecuritySystem "HTTP/1.1 200 OK"
[ 2026-03-11 20:24:02,740 ] 1025 httpx - INFO -HTTP Request: GET https://dagshub.com/api/v1/user "HTTP/1.1 200 OK"
[ 2026-03-11 20:24:02,742 ] 107 dagshub - INFO -Initialized MLflow to track repo "DDTcodes17/NetworkSecuritySystem"
[ 2026-03-11 20:24:02,742 ] 107 dagshub - INFO -Repository DDTcodes17/NetworkSecuritySystem initialized!
